Build started 2015-05-04 11:49:51.
     1>Project "C:\Users\sigge.sax\Downloads\SnakeISkolan\SnakeISkolan\SnakeISkolan.vcxproj" on node 2 (Build target(s)).
     1>ClCompile:
         C:\Program Files (x86)\Microsoft Visual Studio 12.0\VC\bin\CL.exe /c /ZI /nologo /W3 /WX- /sdl /Od /Oy- /D _MBCS /Gm /EHsc /RTC1 /MDd /GS /fp:precise /Zc:wchar_t /Zc:forScope /Fo"Debug\\" /Fd"Debug\vc120.pdb" /Gd /TP /analyze- /errorReport:prompt Source.cpp
         Source.cpp
     1>c:\users\sigge.sax\downloads\snakeiskolan\snakeiskolan\source.cpp(293): fatal error C1075: end of file found before the left brace '{' at 'c:\users\sigge.sax\downloads\snakeiskolan\snakeiskolan\source.cpp(78)' was matched
     1>Done Building Project "C:\Users\sigge.sax\Downloads\SnakeISkolan\SnakeISkolan\SnakeISkolan.vcxproj" (Build target(s)) -- FAILED.

Build FAILED.

Time Elapsed 00:00:00.61
